# JRE version: Java(TM) SE Runtime Environment (7.0_45-b18) (build 1.7.0_45-b18)
# Java VM: Java HotSpot(TM) 64-Bit Server VM (24.45-b08 mixed mode linux-amd64 compressed oops)
Heap
 PSYoungGen      total 27648K, used 6618K [0x00000000e1880000, 0x00000000e3700000, 0x0000000100000000)
  eden space 24064K, 12% used [0x00000000e1880000,0x00000000e1b7e1a0,0x00000000e3000000)
  from space 3584K, 99% used [0x00000000e3380000,0x00000000e36f8858,0x00000000e3700000)
  to   space 3584K, 0% used [0x00000000e3000000,0x00000000e3000000,0x00000000e3380000)
 ParOldGen       total 61952K, used 34909K [0x00000000a4a00000, 0x00000000a8680000, 0x00000000e1880000)
  object space 61952K, 56% used [0x00000000a4a00000,0x00000000a6c17730,0x00000000a8680000)
 PSPermGen       total 21504K, used 19191K [0x000000009f800000, 0x00000000a0d00000, 0x00000000a4a00000)
  object space 21504K, 89% used [0x000000009f800000,0x00000000a0abdca8,0x00000000a0d00000)
GC Heap History (4 events):
Event: 7.434 GC heap before
{Heap before GC invocations=1 (full 0):
 PSYoungGen      total 27648K, used 23919K [0x00000000e1880000, 0x00000000e3700000, 0x0000000100000000)
  eden space 24064K, 99% used [0x00000000e1880000,0x00000000e2fdbe60,0x00000000e3000000)
  from space 3584K, 0% used [0x00000000e3380000,0x00000000e3380000,0x00000000e3700000)
  to   space 3584K, 0% used [0x00000000e3000000,0x00000000e3000000,0x00000000e3380000)
 ParOldGen       total 61952K, used 13246K [0x00000000a4a00000, 0x00000000a8680000, 0x00000000e1880000)
  object space 61952K, 21% used [0x00000000a4a00000,0x00000000a56efa50,0x00000000a8680000)
 PSPermGen       total 21504K, used 18150K [0x000000009f800000, 0x00000000a0d00000, 0x00000000a4a00000)
  object space 21504K, 84% used [0x000000009f800000,0x00000000a09b9820,0x00000000a0d00000)
Event: 7.453 GC heap after
Heap after GC invocations=1 (full 0):
 PSYoungGen      total 27648K, used 3578K [0x00000000e1880000, 0x00000000e3700000, 0x0000000100000000)
  eden space 24064K, 0% used [0x00000000e1880000,0x00000000e1880000,0x00000000e3000000)
  from space 3584K, 99% used [0x00000000e3000000,0x00000000e337e888,0x00000000e3380000)
  to   space 3584K, 0% used [0x00000000e3380000,0x00000000e3380000,0x00000000e3700000)
 ParOldGen       total 61952K, used 14617K [0x00000000a4a00000, 0x00000000a8680000, 0x00000000e1880000)
  object space 61952K, 23% used [0x00000000a4a00000,0x00000000a5846488,0x00000000a8680000)
 PSPermGen       total 21504K, used 18150K [0x000000009f800000, 0x00000000a0d00000, 0x00000000a4a00000)
  object space 21504K, 84% used [0x000000009f800000,0x00000000a09b9820,0x00000000a0d00000)
}
Event: 9.424 GC heap before
{Heap before GC invocations=2 (full 0):
 PSYoungGen      total 27648K, used 27642K [0x00000000e1880000, 0x00000000e3700000, 0x0000000100000000)
  eden space 24064K, 100% used [0x00000000e1880000,0x00000000e3000000,0x00000000e3000000)
  from space 3584K, 99% used [0x00000000e3000000,0x00000000e337e888,0x00000000e3380000)
  to   space 3584K, 0% used [0x00000000e3380000,0x00000000e3380000,0x00000000e3700000)
 ParOldGen       total 61952K, used 32279K [0x00000000a4a00000, 0x00000000a8680000, 0x00000000e1880000)
  object space 61952K, 52% used [0x00000000a4a00000,0x00000000a6985cf0,0x00000000a8680000)
 PSPermGen       total 21504K, used 18401K [0x000000009f800000, 0x00000000a0d00000, 0x00000000a4a00000)
  object space 21504K, 85% used [0x000000009f800000,0x00000000a09f8710,0x00000000a0d00000)
Event: 9.443 GC heap after
Heap after GC invocations=2 (full 0):
 PSYoungGen      total 27648K, used 3554K [0x00000000e1880000, 0x00000000e3700000, 0x0000000100000000)
  eden space 24064K, 0% used [0x00000000e1880000,0x00000000e1880000,0x00000000e3000000)
  from space 3584K, 99% used [0x00000000e3380000,0x00000000e36f8858,0x00000000e3700000)
  to   space 3584K, 0% used [0x00000000e3000000,0x00000000e3000000,0x00000000e3380000)
 ParOldGen       total 61952K, used 34909K [0x00000000a4a00000, 0x00000000a8680000, 0x00000000e1880000)
  object space 61952K, 56% used [0x00000000a4a00000,0x00000000a6c17730,0x00000000a8680000)
 PSPermGen       total 21504K, used 18401K [0x000000009f800000, 0x00000000a0d00000, 0x00000000a4a00000)
  object space 21504K, 85% used [0x000000009f800000,0x00000000a09f8710,0x00000000a0d00000)
}

